  [1m[35m (25.0ms)[0m  [1m[35mCREATE TABLE "schema_migrations" ("version" character varying NOT NULL PRIMARY KEY)[0m
  ↳ /home/chris/.rvm/gems/ruby-2.6.3/bin/rake:23
  [1m[35m (10.4ms)[0m  [1m[35mCREATE TABLE "ar_internal_metadata" ("key" character varying NOT NULL PRIMARY KEY, "value" character varying, "created_at" timestamp NOT NULL, "updated_at" timestamp NOT NULL)[0m
  ↳ /home/chris/.rvm/gems/ruby-2.6.3/bin/rake:23
  [1m[35m (0.2ms)[0m  [1m[34mSELECT pg_try_advisory_lock(8496546548085237075)[0m
  ↳ /home/chris/.rvm/gems/ruby-2.6.3/bin/rake:23
  [1m[35m (6.7ms)[0m  [1m[34mSELECT "schema_migrations"."version" FROM "schema_migrations" ORDER BY "schema_migrations"."version" ASC[0m
  ↳ /home/chris/.rvm/gems/ruby-2.6.3/bin/rake:23
Migrating to CreateDistricts (20190831001057)
  [1m[35m (0.2ms)[0m  [1m[35mBEGIN[0m
  ↳ /home/chris/.rvm/gems/ruby-2.6.3/bin/rake:23
  [1m[35m (13.5ms)[0m  [1m[35mCREATE TABLE "districts" ("id" bigserial primary key, "name" text, "created_at" timestamp NOT NULL, "updated_at" timestamp NOT NULL)[0m
  ↳ db/migrate/20190831001057_create_districts.rb:3
  [1m[36mActiveRecord::SchemaMigration Create (1.4ms)[0m  [1m[32mINSERT INTO "schema_migrations" ("version") VALUES ($1) RETURNING "version"[0m  [["version", "20190831001057"]]
  ↳ /home/chris/.rvm/gems/ruby-2.6.3/bin/rake:23
  [1m[35m (3.1ms)[0m  [1m[35mCOMMIT[0m
  ↳ /home/chris/.rvm/gems/ruby-2.6.3/bin/rake:23
Migrating to CreateSchools (20190831001327)
  [1m[35m (0.7ms)[0m  [1m[35mBEGIN[0m
  ↳ /home/chris/.rvm/gems/ruby-2.6.3/bin/rake:23
  [1m[35m (10.3ms)[0m  [1m[35mCREATE TABLE "schools" ("id" bigserial primary key, "name" text, "district_id" integer, "site_rep_id" integer, "created_at" timestamp NOT NULL, "updated_at" timestamp NOT NULL)[0m
  ↳ db/migrate/20190831001327_create_schools.rb:3
  [1m[36mActiveRecord::SchemaMigration Create (0.6ms)[0m  [1m[32mINSERT INTO "schema_migrations" ("version") VALUES ($1) RETURNING "version"[0m  [["version", "20190831001327"]]
  ↳ /home/chris/.rvm/gems/ruby-2.6.3/bin/rake:23
  [1m[35m (1.7ms)[0m  [1m[35mCOMMIT[0m
  ↳ /home/chris/.rvm/gems/ruby-2.6.3/bin/rake:23
Migrating to CreateUsers (20190831001409)
  [1m[35m (0.6ms)[0m  [1m[35mBEGIN[0m
  ↳ /home/chris/.rvm/gems/ruby-2.6.3/bin/rake:23
  [1m[35m (12.1ms)[0m  [1m[35mCREATE TABLE "users" ("id" bigserial primary key, "name" text, "email" text, "permissions" text, "created_at" timestamp NOT NULL, "updated_at" timestamp NOT NULL)[0m
  ↳ db/migrate/20190831001409_create_users.rb:3
  [1m[36mActiveRecord::SchemaMigration Create (0.4ms)[0m  [1m[32mINSERT INTO "schema_migrations" ("version") VALUES ($1) RETURNING "version"[0m  [["version", "20190831001409"]]
  ↳ /home/chris/.rvm/gems/ruby-2.6.3/bin/rake:23
  [1m[35m (1.5ms)[0m  [1m[35mCOMMIT[0m
  ↳ /home/chris/.rvm/gems/ruby-2.6.3/bin/rake:23
  [1m[36mActiveRecord::InternalMetadata Load (11.0ms)[0m  [1m[34mSELECT  "ar_internal_metadata".* FROM "ar_internal_metadata" WHERE "ar_internal_metadata"."key" = $1 LIMIT $2[0m  [["key", "environment"], ["LIMIT", 1]]
  ↳ /home/chris/.rvm/gems/ruby-2.6.3/bin/rake:23
  [1m[35m (0.2ms)[0m  [1m[35mBEGIN[0m
  ↳ /home/chris/.rvm/gems/ruby-2.6.3/bin/rake:23
  [1m[36mActiveRecord::InternalMetadata Create (0.9ms)[0m  [1m[32mINSERT INTO "ar_internal_metadata" ("key", "value", "created_at", "updated_at") VALUES ($1, $2, $3, $4) RETURNING "key"[0m  [["key", "environment"], ["value", "development"], ["created_at", "2019-08-31 00:20:39.093120"], ["updated_at", "2019-08-31 00:20:39.093120"]]
  ↳ /home/chris/.rvm/gems/ruby-2.6.3/bin/rake:23
  [1m[35m (1.4ms)[0m  [1m[35mCOMMIT[0m
  ↳ /home/chris/.rvm/gems/ruby-2.6.3/bin/rake:23
  [1m[35m (0.4ms)[0m  [1m[34mSELECT pg_advisory_unlock(8496546548085237075)[0m
  ↳ /home/chris/.rvm/gems/ruby-2.6.3/bin/rake:23
  [1m[35m (0.4ms)[0m  [1m[34mSELECT "schema_migrations"."version" FROM "schema_migrations" ORDER BY "schema_migrations"."version" ASC[0m
  ↳ /home/chris/.rvm/gems/ruby-2.6.3/bin/rake:23
  [1m[35m (7.9ms)[0m  [1m[34mSELECT "schema_migrations"."version" FROM "schema_migrations" ORDER BY "schema_migrations"."version" ASC[0m
  ↳ /home/chris/.rvm/gems/ruby-2.6.3/bin/rake:23
  [1m[35m (13.4ms)[0m  [1m[34mSELECT "schema_migrations"."version" FROM "schema_migrations" ORDER BY "schema_migrations"."version" ASC[0m
  ↳ /home/chris/.rvm/gems/ruby-2.6.3/bin/rake:23
  [1m[35m (0.3ms)[0m  [1m[35mBEGIN[0m
  ↳ db/seeds.rb:9
  [1m[36mDistrict Create (9.4ms)[0m  [1m[32mINSERT INTO "districts" ("name", "created_at", "updated_at") VALUES ($1, $2, $3) RETURNING "id"[0m  [["name", "Seattle"], ["created_at", "2019-08-31 00:26:06.810143"], ["updated_at", "2019-08-31 00:26:06.810143"]]
  ↳ db/seeds.rb:9
  [1m[35m (9.9ms)[0m  [1m[35mCOMMIT[0m
  ↳ db/seeds.rb:9
  [1m[35m (0.2ms)[0m  [1m[35mBEGIN[0m
  ↳ db/seeds.rb:10
  [1m[36mSchool Create (8.0ms)[0m  [1m[32mINSERT INTO "schools" ("name", "district_id", "created_at", "updated_at") VALUES ($1, $2, $3, $4) RETURNING "id"[0m  [["name", "Nova"], ["district_id", 1], ["created_at", "2019-08-31 00:26:06.933510"], ["updated_at", "2019-08-31 00:26:06.933510"]]
  ↳ db/seeds.rb:10
  [1m[35m (1.4ms)[0m  [1m[35mCOMMIT[0m
  ↳ db/seeds.rb:10
  [1m[35m (0.2ms)[0m  [1m[35mBEGIN[0m
  ↳ db/seeds.rb:11
  [1m[36mUser Create (8.7ms)[0m  [1m[32mINSERT INTO "users" ("name", "email", "permissions", "created_at", "updated_at") VALUES ($1, $2, $3, $4, $5) RETURNING "id"[0m  [["name", "Chris"], ["email", "email"], ["permissions", "admin"], ["created_at", "2019-08-31 00:26:06.961006"], ["updated_at", "2019-08-31 00:26:06.961006"]]
  ↳ db/seeds.rb:11
  [1m[35m (1.8ms)[0m  [1m[35mCOMMIT[0m
  ↳ db/seeds.rb:11
  [1m[36mDistrict Load (6.9ms)[0m  [1m[34mSELECT  "districts".* FROM "districts" ORDER BY "districts"."id" DESC LIMIT $1[0m  [["LIMIT", 1]]
  [1m[36mSchool Load (7.7ms)[0m  [1m[34mSELECT  "schools".* FROM "schools" ORDER BY "schools"."id" DESC LIMIT $1[0m  [["LIMIT", 1]]
  [1m[36mUser Load (7.3ms)[0m  [1m[34mSELECT  "users".* FROM "users" ORDER BY "users"."id" DESC LIMIT $1[0m  [["LIMIT", 1]]
Started GET "/api/schools/1" for ::1 at 2019-08-30 17:37:57 -0700
  [1m[35m (1.1ms)[0m  [1m[34mSELECT "schema_migrations"."version" FROM "schema_migrations" ORDER BY "schema_migrations"."version" ASC[0m
  ↳ /home/chris/.rvm/gems/ruby-2.6.3/gems/activerecord-5.2.3/lib/active_record/log_subscriber.rb:98
  
ActionController::RoutingError (uninitialized constant Api::SchoolsController):
  
bootsnap (1.4.5) lib/bootsnap/load_path_cache/core_ext/active_support.rb:60:in `block in load_missing_constant'
bootsnap (1.4.5) lib/bootsnap/load_path_cache/core_ext/active_support.rb:16:in `allow_bootsnap_retry'
bootsnap (1.4.5) lib/bootsnap/load_path_cache/core_ext/active_support.rb:59:in `load_missing_constant'
activesupport (5.2.3) lib/active_support/inflector/methods.rb:298:in `const_get'
activesupport (5.2.3) lib/active_support/inflector/methods.rb:298:in `block in constantize'
activesupport (5.2.3) lib/active_support/inflector/methods.rb:281:in `each'
activesupport (5.2.3) lib/active_support/inflector/methods.rb:281:in `inject'
activesupport (5.2.3) lib/active_support/inflector/methods.rb:281:in `constantize'
actionpack (5.2.3) lib/action_dispatch/http/request.rb:88:in `controller_class_for'
actionpack (5.2.3) lib/action_dispatch/http/request.rb:81:in `controller_class'
actionpack (5.2.3) lib/action_dispatch/routing/route_set.rb:46:in `controller'
actionpack (5.2.3) lib/action_dispatch/routing/route_set.rb:32:in `serve'
actionpack (5.2.3) lib/action_dispatch/journey/router.rb:52:in `block in serve'
actionpack (5.2.3) lib/action_dispatch/journey/router.rb:35:in `each'
actionpack (5.2.3) lib/action_dispatch/journey/router.rb:35:in `serve'
actionpack (5.2.3) lib/action_dispatch/routing/route_set.rb:840:in `call'
rack (2.0.7) lib/rack/etag.rb:25:in `call'
rack (2.0.7) lib/rack/conditional_get.rb:25:in `call'
rack (2.0.7) lib/rack/head.rb:12:in `call'
activerecord (5.2.3) lib/active_record/migration.rb:559:in `call'
actionpack (5.2.3) lib/action_dispatch/middleware/callbacks.rb:28:in `block in call'
activesupport (5.2.3) lib/active_support/callbacks.rb:98:in `run_callbacks'
actionpack (5.2.3) lib/action_dispatch/middleware/callbacks.rb:26:in `call'
actionpack (5.2.3) lib/action_dispatch/middleware/executor.rb:14:in `call'
actionpack (5.2.3) lib/action_dispatch/middleware/debug_exceptions.rb:61:in `call'
actionpack (5.2.3) lib/action_dispatch/middleware/show_exceptions.rb:33:in `call'
railties (5.2.3) lib/rails/rack/logger.rb:38:in `call_app'
railties (5.2.3) lib/rails/rack/logger.rb:26:in `block in call'
activesupport (5.2.3) lib/active_support/tagged_logging.rb:71:in `block in tagged'
activesupport (5.2.3) lib/active_support/tagged_logging.rb:28:in `tagged'
activesupport (5.2.3) lib/active_support/tagged_logging.rb:71:in `tagged'
railties (5.2.3) lib/rails/rack/logger.rb:26:in `call'
actionpack (5.2.3) lib/action_dispatch/middleware/remote_ip.rb:81:in `call'
actionpack (5.2.3) lib/action_dispatch/middleware/request_id.rb:27:in `call'
rack (2.0.7) lib/rack/runtime.rb:22:in `call'
activesupport (5.2.3) lib/active_support/cache/strategy/local_cache_middleware.rb:29:in `call'
actionpack (5.2.3) lib/action_dispatch/middleware/executor.rb:14:in `call'
actionpack (5.2.3) lib/action_dispatch/middleware/static.rb:127:in `call'
rack (2.0.7) lib/rack/sendfile.rb:111:in `call'
railties (5.2.3) lib/rails/engine.rb:524:in `call'
puma (3.12.1) lib/puma/configuration.rb:227:in `call'
puma (3.12.1) lib/puma/server.rb:660:in `handle_request'
puma (3.12.1) lib/puma/server.rb:474:in `process_client'
puma (3.12.1) lib/puma/server.rb:334:in `block in run'
puma (3.12.1) lib/puma/thread_pool.rb:135:in `block in spawn_thread'
Started GET "/api/schools/1" for ::1 at 2019-08-30 17:40:27 -0700
  [1m[35m (0.7ms)[0m  [1m[34mSELECT "schema_migrations"."version" FROM "schema_migrations" ORDER BY "schema_migrations"."version" ASC[0m
  ↳ /home/chris/.rvm/gems/ruby-2.6.3/gems/activerecord-5.2.3/lib/active_record/log_subscriber.rb:98
Processing by API::SchoolsController#show as HTML
  Parameters: {"id"=>"1"}
  [1m[36mSchool Load (15.7ms)[0m  [1m[34mSELECT  "schools".* FROM "schools" WHERE "schools"."id" = $1 LIMIT $2[0m  [["id", 1], ["LIMIT", 1]]
  ↳ app/controllers/api/schools_controller.rb:3
Completed 200 OK in 47ms (Views: 0.5ms | ActiveRecord: 24.5ms)


Started GET "/favicon.ico" for ::1 at 2019-08-30 17:40:27 -0700
  
ActionController::RoutingError (No route matches [GET] "/favicon.ico"):
  
actionpack (5.2.3) lib/action_dispatch/middleware/debug_exceptions.rb:65:in `call'
actionpack (5.2.3) lib/action_dispatch/middleware/show_exceptions.rb:33:in `call'
railties (5.2.3) lib/rails/rack/logger.rb:38:in `call_app'
railties (5.2.3) lib/rails/rack/logger.rb:26:in `block in call'
activesupport (5.2.3) lib/active_support/tagged_logging.rb:71:in `block in tagged'
activesupport (5.2.3) lib/active_support/tagged_logging.rb:28:in `tagged'
activesupport (5.2.3) lib/active_support/tagged_logging.rb:71:in `tagged'
railties (5.2.3) lib/rails/rack/logger.rb:26:in `call'
actionpack (5.2.3) lib/action_dispatch/middleware/remote_ip.rb:81:in `call'
actionpack (5.2.3) lib/action_dispatch/middleware/request_id.rb:27:in `call'
rack (2.0.7) lib/rack/runtime.rb:22:in `call'
activesupport (5.2.3) lib/active_support/cache/strategy/local_cache_middleware.rb:29:in `call'
actionpack (5.2.3) lib/action_dispatch/middleware/executor.rb:14:in `call'
actionpack (5.2.3) lib/action_dispatch/middleware/static.rb:127:in `call'
rack (2.0.7) lib/rack/sendfile.rb:111:in `call'
railties (5.2.3) lib/rails/engine.rb:524:in `call'
puma (3.12.1) lib/puma/configuration.rb:227:in `call'
puma (3.12.1) lib/puma/server.rb:660:in `handle_request'
puma (3.12.1) lib/puma/server.rb:474:in `process_client'
puma (3.12.1) lib/puma/server.rb:334:in `block in run'
puma (3.12.1) lib/puma/thread_pool.rb:135:in `block in spawn_thread'
Started GET "/api/district/1" for ::1 at 2019-08-30 17:40:51 -0700
  
ActionController::RoutingError (No route matches [GET] "/api/district/1"):
  
actionpack (5.2.3) lib/action_dispatch/middleware/debug_exceptions.rb:65:in `call'
actionpack (5.2.3) lib/action_dispatch/middleware/show_exceptions.rb:33:in `call'
railties (5.2.3) lib/rails/rack/logger.rb:38:in `call_app'
railties (5.2.3) lib/rails/rack/logger.rb:26:in `block in call'
activesupport (5.2.3) lib/active_support/tagged_logging.rb:71:in `block in tagged'
activesupport (5.2.3) lib/active_support/tagged_logging.rb:28:in `tagged'
activesupport (5.2.3) lib/active_support/tagged_logging.rb:71:in `tagged'
railties (5.2.3) lib/rails/rack/logger.rb:26:in `call'
actionpack (5.2.3) lib/action_dispatch/middleware/remote_ip.rb:81:in `call'
actionpack (5.2.3) lib/action_dispatch/middleware/request_id.rb:27:in `call'
rack (2.0.7) lib/rack/runtime.rb:22:in `call'
activesupport (5.2.3) lib/active_support/cache/strategy/local_cache_middleware.rb:29:in `call'
actionpack (5.2.3) lib/action_dispatch/middleware/executor.rb:14:in `call'
actionpack (5.2.3) lib/action_dispatch/middleware/static.rb:127:in `call'
rack (2.0.7) lib/rack/sendfile.rb:111:in `call'
railties (5.2.3) lib/rails/engine.rb:524:in `call'
puma (3.12.1) lib/puma/configuration.rb:227:in `call'
puma (3.12.1) lib/puma/server.rb:660:in `handle_request'
puma (3.12.1) lib/puma/server.rb:474:in `process_client'
puma (3.12.1) lib/puma/server.rb:334:in `block in run'
puma (3.12.1) lib/puma/thread_pool.rb:135:in `block in spawn_thread'
Started GET "/api/districts/1" for ::1 at 2019-08-30 17:41:00 -0700
Processing by API::DistrictsController#show as HTML
  Parameters: {"id"=>"1"}
  [1m[36mDistrict Load (19.2ms)[0m  [1m[34mSELECT  "districts".* FROM "districts" WHERE "districts"."id" = $1 LIMIT $2[0m  [["id", 1], ["LIMIT", 1]]
  ↳ app/controllers/api/districts_controller.rb:3
Completed 200 OK in 48ms (Views: 0.6ms | ActiveRecord: 27.4ms)


  [1m[36mDistrict Load (0.6ms)[0m  [1m[34mSELECT  "districts".* FROM "districts" ORDER BY "districts"."id" DESC LIMIT $1[0m  [["LIMIT", 1]]
  [1m[36mSchool Load (0.5ms)[0m  [1m[34mSELECT  "schools".* FROM "schools" WHERE "schools"."district_id" = $1 LIMIT $2[0m  [["district_id", 1], ["LIMIT", 11]]
Started GET "/api/schools/1" for ::1 at 2019-09-02 10:08:33 -0700
  [1m[35m (15.2ms)[0m  [1m[34mSELECT "schema_migrations"."version" FROM "schema_migrations" ORDER BY "schema_migrations"."version" ASC[0m
  ↳ /home/chris/.rvm/gems/ruby-2.6.3/gems/activerecord-5.2.3/lib/active_record/log_subscriber.rb:98
Processing by API::SchoolsController#show as HTML
  Parameters: {"id"=>"1"}
  [1m[36mSchool Load (13.5ms)[0m  [1m[34mSELECT  "schools".* FROM "schools" WHERE "schools"."id" = $1 LIMIT $2[0m  [["id", 1], ["LIMIT", 1]]
  ↳ app/controllers/api/schools_controller.rb:3
[active_model_serializers]   [1m[36mDistrict Load (16.7ms)[0m  [1m[34mSELECT  "districts".* FROM "districts" WHERE "districts"."id" = $1 LIMIT $2[0m  [["id", 1], ["LIMIT", 1]]
[active_model_serializers]   ↳ app/controllers/api/schools_controller.rb:3
[active_model_serializers] Rendered SchoolSerializer with ActiveModelSerializers::Adapter::Attributes (186.58ms)
Completed 200 OK in 601ms (Views: 435.2ms | ActiveRecord: 70.7ms)


Started GET "/favicon.ico" for ::1 at 2019-09-02 10:08:35 -0700
  
ActionController::RoutingError (No route matches [GET] "/favicon.ico"):
  
actionpack (5.2.3) lib/action_dispatch/middleware/debug_exceptions.rb:65:in `call'
actionpack (5.2.3) lib/action_dispatch/middleware/show_exceptions.rb:33:in `call'
railties (5.2.3) lib/rails/rack/logger.rb:38:in `call_app'
railties (5.2.3) lib/rails/rack/logger.rb:26:in `block in call'
activesupport (5.2.3) lib/active_support/tagged_logging.rb:71:in `block in tagged'
activesupport (5.2.3) lib/active_support/tagged_logging.rb:28:in `tagged'
activesupport (5.2.3) lib/active_support/tagged_logging.rb:71:in `tagged'
railties (5.2.3) lib/rails/rack/logger.rb:26:in `call'
actionpack (5.2.3) lib/action_dispatch/middleware/remote_ip.rb:81:in `call'
actionpack (5.2.3) lib/action_dispatch/middleware/request_id.rb:27:in `call'
rack (2.0.7) lib/rack/runtime.rb:22:in `call'
activesupport (5.2.3) lib/active_support/cache/strategy/local_cache_middleware.rb:29:in `call'
actionpack (5.2.3) lib/action_dispatch/middleware/executor.rb:14:in `call'
actionpack (5.2.3) lib/action_dispatch/middleware/static.rb:127:in `call'
rack (2.0.7) lib/rack/sendfile.rb:111:in `call'
railties (5.2.3) lib/rails/engine.rb:524:in `call'
puma (3.12.1) lib/puma/configuration.rb:227:in `call'
puma (3.12.1) lib/puma/server.rb:660:in `handle_request'
puma (3.12.1) lib/puma/server.rb:474:in `process_client'
puma (3.12.1) lib/puma/server.rb:334:in `block in run'
puma (3.12.1) lib/puma/thread_pool.rb:135:in `block in spawn_thread'
Started GET "/api/districts/1" for ::1 at 2019-09-02 10:08:45 -0700
Processing by API::DistrictsController#show as HTML
  Parameters: {"id"=>"1"}
  [1m[36mDistrict Load (0.4ms)[0m  [1m[34mSELECT  "districts".* FROM "districts" WHERE "districts"."id" = $1 LIMIT $2[0m  [["id", 1], ["LIMIT", 1]]
  ↳ app/controllers/api/districts_controller.rb:3
[active_model_serializers]   [1m[36mSchool Load (0.2ms)[0m  [1m[34mSELECT "schools".* FROM "schools" WHERE "schools"."district_id" = $1[0m  [["district_id", 1]]
[active_model_serializers]   ↳ app/controllers/api/districts_controller.rb:3
[active_model_serializers] Rendered DistrictSerializer with ActiveModelSerializers::Adapter::Attributes (68.06ms)
Completed 200 OK in 103ms (Views: 69.7ms | ActiveRecord: 0.7ms)


Started GET "/api/users/1" for ::1 at 2019-09-02 10:10:20 -0700
  
AbstractController::ActionNotFound (The action 'show' could not be found for API::UsersController):
  
actionpack (5.2.3) lib/abstract_controller/base.rb:129:in `process'
actionpack (5.2.3) lib/action_controller/metal.rb:191:in `dispatch'
actionpack (5.2.3) lib/action_controller/metal.rb:252:in `dispatch'
actionpack (5.2.3) lib/action_dispatch/routing/route_set.rb:52:in `dispatch'
actionpack (5.2.3) lib/action_dispatch/routing/route_set.rb:34:in `serve'
actionpack (5.2.3) lib/action_dispatch/journey/router.rb:52:in `block in serve'
actionpack (5.2.3) lib/action_dispatch/journey/router.rb:35:in `each'
actionpack (5.2.3) lib/action_dispatch/journey/router.rb:35:in `serve'
actionpack (5.2.3) lib/action_dispatch/routing/route_set.rb:840:in `call'
rack (2.0.7) lib/rack/etag.rb:25:in `call'
rack (2.0.7) lib/rack/conditional_get.rb:25:in `call'
rack (2.0.7) lib/rack/head.rb:12:in `call'
activerecord (5.2.3) lib/active_record/migration.rb:559:in `call'
actionpack (5.2.3) lib/action_dispatch/middleware/callbacks.rb:28:in `block in call'
activesupport (5.2.3) lib/active_support/callbacks.rb:98:in `run_callbacks'
actionpack (5.2.3) lib/action_dispatch/middleware/callbacks.rb:26:in `call'
actionpack (5.2.3) lib/action_dispatch/middleware/executor.rb:14:in `call'
actionpack (5.2.3) lib/action_dispatch/middleware/debug_exceptions.rb:61:in `call'
actionpack (5.2.3) lib/action_dispatch/middleware/show_exceptions.rb:33:in `call'
railties (5.2.3) lib/rails/rack/logger.rb:38:in `call_app'
railties (5.2.3) lib/rails/rack/logger.rb:26:in `block in call'
activesupport (5.2.3) lib/active_support/tagged_logging.rb:71:in `block in tagged'
activesupport (5.2.3) lib/active_support/tagged_logging.rb:28:in `tagged'
activesupport (5.2.3) lib/active_support/tagged_logging.rb:71:in `tagged'
railties (5.2.3) lib/rails/rack/logger.rb:26:in `call'
actionpack (5.2.3) lib/action_dispatch/middleware/remote_ip.rb:81:in `call'
actionpack (5.2.3) lib/action_dispatch/middleware/request_id.rb:27:in `call'
rack (2.0.7) lib/rack/runtime.rb:22:in `call'
activesupport (5.2.3) lib/active_support/cache/strategy/local_cache_middleware.rb:29:in `call'
actionpack (5.2.3) lib/action_dispatch/middleware/executor.rb:14:in `call'
actionpack (5.2.3) lib/action_dispatch/middleware/static.rb:127:in `call'
rack (2.0.7) lib/rack/sendfile.rb:111:in `call'
railties (5.2.3) lib/rails/engine.rb:524:in `call'
puma (3.12.1) lib/puma/configuration.rb:227:in `call'
puma (3.12.1) lib/puma/server.rb:660:in `handle_request'
puma (3.12.1) lib/puma/server.rb:474:in `process_client'
puma (3.12.1) lib/puma/server.rb:334:in `block in run'
puma (3.12.1) lib/puma/thread_pool.rb:135:in `block in spawn_thread'
Started GET "/api/users/1" for ::1 at 2019-09-02 10:10:48 -0700
Processing by API::UsersController#show as HTML
  Parameters: {"id"=>"1"}
  [1m[36mUser Load (16.7ms)[0m  [1m[34mSELECT  "users".* FROM "users" WHERE "users"."id" = $1 LIMIT $2[0m  [["id", 1], ["LIMIT", 1]]
  ↳ app/controllers/api/users_controller.rb:3
[active_model_serializers] Rendered UserSerializer with ActiveModelSerializers::Adapter::Attributes (36.17ms)
Completed 500 Internal Server Error in 128ms (ActiveRecord: 26.9ms)


  
ActiveRecord::StatementInvalid (PG::UndefinedColumn: ERROR:  column schools.user_id does not exist
LINE 1: SELECT  "schools".* FROM "schools" WHERE "schools"."user_id"...
                                                 ^
: SELECT  "schools".* FROM "schools" WHERE "schools"."user_id" = $1 LIMIT $2):
  
app/controllers/api/users_controller.rb:3:in `show'
Started GET "/api/users/1" for ::1 at 2019-09-02 10:11:15 -0700
Processing by API::UsersController#show as HTML
  Parameters: {"id"=>"1"}
  [1m[36mUser Load (0.4ms)[0m  [1m[34mSELECT  "users".* FROM "users" WHERE "users"."id" = $1 LIMIT $2[0m  [["id", 1], ["LIMIT", 1]]
  ↳ app/controllers/api/users_controller.rb:3
[active_model_serializers] Rendered UserSerializer with ActiveModelSerializers::Adapter::Attributes (7.89ms)
Completed 500 Internal Server Error in 65ms (ActiveRecord: 8.9ms)


  
ActiveRecord::StatementInvalid (PG::UndefinedColumn: ERROR:  column schools.user_id does not exist
LINE 1: SELECT  "schools".* FROM "schools" WHERE "schools"."user_id"...
                                                 ^
: SELECT  "schools".* FROM "schools" WHERE "schools"."user_id" = $1 LIMIT $2):
  
app/controllers/api/users_controller.rb:3:in `show'
Started GET "/api/users/1" for ::1 at 2019-09-02 10:45:01 -0700
Processing by API::UsersController#show as HTML
  Parameters: {"id"=>"1"}
  [1m[36mUser Load (0.9ms)[0m  [1m[34mSELECT  "users".* FROM "users" WHERE "users"."id" = $1 LIMIT $2[0m  [["id", 1], ["LIMIT", 1]]
  ↳ app/controllers/api/users_controller.rb:3
[active_model_serializers]   [1m[36mSchool Load (0.4ms)[0m  [1m[34mSELECT "schools".* FROM "schools" WHERE "schools"."site_rep_id" = $1[0m  [["site_rep_id", 1]]
[active_model_serializers]   ↳ app/controllers/api/users_controller.rb:3
[active_model_serializers] Rendered UserSerializer with ActiveModelSerializers::Adapter::Attributes (7.88ms)
Completed 200 OK in 52ms (Views: 12.2ms | ActiveRecord: 12.4ms)


Started GET "/api/users/1" for ::1 at 2019-09-02 10:45:21 -0700
Processing by API::UsersController#show as HTML
  Parameters: {"id"=>"1"}
  [1m[36mUser Load (0.3ms)[0m  [1m[34mSELECT  "users".* FROM "users" WHERE "users"."id" = $1 LIMIT $2[0m  [["id", 1], ["LIMIT", 1]]
  ↳ app/controllers/api/users_controller.rb:3
[active_model_serializers] Rendered UserSerializer with ActiveModelSerializers::Adapter::Attributes (5.58ms)
Completed 500 Internal Server Error in 43ms (ActiveRecord: 4.6ms)


  
NoMethodError (undefined method `school' for #<User:0x00007fb0c83e2008>
Did you mean?  schools
               schools=):
  
app/controllers/api/users_controller.rb:3:in `show'
Started GET "/api/users/1" for ::1 at 2019-09-02 10:46:28 -0700
Processing by API::UsersController#show as HTML
  Parameters: {"id"=>"1"}
  [1m[36mUser Load (3.0ms)[0m  [1m[34mSELECT  "users".* FROM "users" ORDER BY "users"."id" DESC LIMIT $1[0m  [["LIMIT", 1]]
  ↳ (byebug):1
  [1m[36mUser Load (6.9ms)[0m  [1m[34mSELECT  "users".* FROM "users" WHERE "users"."id" = $1 LIMIT $2[0m  [["id", 1], ["LIMIT", 1]]
  ↳ (byebug):1
  [1m[36mCACHE User Load (0.0ms)[0m  [1m[34mSELECT  "users".* FROM "users" WHERE "users"."id" = $1 LIMIT $2[0m  [["id", 1], ["LIMIT", 1]]
  ↳ (byebug):1
  [1m[36mSchool Load (0.3ms)[0m  [1m[34mSELECT  "schools".* FROM "schools" WHERE "schools"."site_rep_id" = $1 LIMIT $2[0m  [["site_rep_id", 1], ["LIMIT", 11]]
  ↳ app/controllers/api/users_controller.rb:4
Started GET "/api/users/1" for ::1 at 2019-09-02 10:47:52 -0700
  [1m[35m (1.0ms)[0m  [1m[34mSELECT "schema_migrations"."version" FROM "schema_migrations" ORDER BY "schema_migrations"."version" ASC[0m
  ↳ /home/chris/.rvm/gems/ruby-2.6.3/gems/activerecord-5.2.3/lib/active_record/log_subscriber.rb:98
Processing by API::UsersController#show as HTML
  Parameters: {"id"=>"1"}
  [1m[36mUser Load (0.7ms)[0m  [1m[34mSELECT  "users".* FROM "users" WHERE "users"."id" = $1 LIMIT $2[0m  [["id", 1], ["LIMIT", 1]]
  ↳ app/controllers/api/users_controller.rb:3
[active_model_serializers] Rendered UserSerializer with ActiveModelSerializers::Adapter::Attributes (11.94ms)
Completed 500 Internal Server Error in 113ms (ActiveRecord: 11.6ms)


  
NoMethodError (undefined method `school' for #<User:0x00007fa48041f420>
Did you mean?  schools
               schools=):
  
app/controllers/api/users_controller.rb:3:in `show'
Started GET "/api/users/1" for ::1 at 2019-09-02 10:48:32 -0700
Processing by API::UsersController#show as HTML
  Parameters: {"id"=>"1"}
  [1m[36mUser Load (0.3ms)[0m  [1m[34mSELECT  "users".* FROM "users" WHERE "users"."id" = $1 LIMIT $2[0m  [["id", 1], ["LIMIT", 1]]
  ↳ app/controllers/api/users_controller.rb:3
[active_model_serializers]   [1m[36mSchool Load (1.0ms)[0m  [1m[34mSELECT "schools".* FROM "schools" WHERE "schools"."site_rep_id" = $1[0m  [["site_rep_id", 1]]
[active_model_serializers]   ↳ app/controllers/api/users_controller.rb:3
[active_model_serializers] Rendered UserSerializer with ActiveModelSerializers::Adapter::Attributes (23.83ms)
Completed 200 OK in 83ms (Views: 39.7ms | ActiveRecord: 15.2ms)


Started GET "/api/users/1" for ::1 at 2019-09-02 10:48:40 -0700
Processing by API::UsersController#show as HTML
  Parameters: {"id"=>"1"}
  [1m[36mUser Load (0.7ms)[0m  [1m[34mSELECT  "users".* FROM "users" WHERE "users"."id" = $1 LIMIT $2[0m  [["id", 1], ["LIMIT", 1]]
  ↳ app/controllers/api/users_controller.rb:3
[active_model_serializers]   [1m[36mSchool Load (0.5ms)[0m  [1m[34mSELECT "schools".* FROM "schools" WHERE "schools"."site_rep_id" = $1[0m  [["site_rep_id", 1]]
[active_model_serializers]   ↳ app/controllers/api/users_controller.rb:3
[active_model_serializers] Rendered UserSerializer with ActiveModelSerializers::Adapter::Attributes (9.82ms)
Completed 200 OK in 82ms (Views: 28.5ms | ActiveRecord: 10.5ms)


  [1m[36mUser Load (0.6ms)[0m  [1m[34mSELECT  "users".* FROM "users" ORDER BY "users"."id" DESC LIMIT $1[0m  [["LIMIT", 1]]
  [1m[36mSchool Load (0.4ms)[0m  [1m[34mSELECT  "schools".* FROM "schools" ORDER BY "schools"."id" DESC LIMIT $1[0m  [["LIMIT", 1]]
  [1m[36mSchool Load (0.3ms)[0m  [1m[34mSELECT  "schools".* FROM "schools" WHERE "schools"."site_rep_id" = $1 LIMIT $2[0m  [["site_rep_id", 1], ["LIMIT", 11]]
Started GET "/api/users/1" for ::1 at 2019-09-02 10:50:37 -0700
Processing by API::UsersController#show as HTML
  Parameters: {"id"=>"1"}
  [1m[36mUser Load (0.3ms)[0m  [1m[34mSELECT  "users".* FROM "users" WHERE "users"."id" = $1 LIMIT $2[0m  [["id", 1], ["LIMIT", 1]]
  ↳ app/controllers/api/users_controller.rb:3
[active_model_serializers]   [1m[36mSchool Load (0.4ms)[0m  [1m[34mSELECT "schools".* FROM "schools" WHERE "schools"."site_rep_id" = $1[0m  [["site_rep_id", 1]]
[active_model_serializers]   ↳ app/controllers/api/users_controller.rb:3
[active_model_serializers] Rendered UserSerializer with ActiveModelSerializers::Adapter::Attributes (4.33ms)
Completed 200 OK in 9ms (Views: 5.3ms | ActiveRecord: 0.7ms)


Started GET "/api/schools/1" for ::1 at 2019-09-02 10:50:41 -0700
Processing by API::SchoolsController#show as HTML
  Parameters: {"id"=>"1"}
  [1m[36mSchool Load (0.3ms)[0m  [1m[34mSELECT  "schools".* FROM "schools" WHERE "schools"."id" = $1 LIMIT $2[0m  [["id", 1], ["LIMIT", 1]]
  ↳ app/controllers/api/schools_controller.rb:3
[active_model_serializers]   [1m[36mDistrict Load (0.5ms)[0m  [1m[34mSELECT  "districts".* FROM "districts" WHERE "districts"."id" = $1 LIMIT $2[0m  [["id", 1], ["LIMIT", 1]]
[active_model_serializers]   ↳ app/controllers/api/schools_controller.rb:3
[active_model_serializers] Rendered SchoolSerializer with ActiveModelSerializers::Adapter::Attributes (62.89ms)
Completed 200 OK in 81ms (Views: 60.7ms | ActiveRecord: 9.7ms)


Started GET "/api/schools/1" for ::1 at 2019-09-02 10:50:59 -0700
  [1m[35m (0.9ms)[0m  [1m[34mSELECT "schema_migrations"."version" FROM "schema_migrations" ORDER BY "schema_migrations"."version" ASC[0m
  ↳ /home/chris/.rvm/gems/ruby-2.6.3/gems/activerecord-5.2.3/lib/active_record/log_subscriber.rb:98
Processing by API::SchoolsController#show as HTML
  Parameters: {"id"=>"1"}
  [1m[36mSchool Load (0.7ms)[0m  [1m[34mSELECT  "schools".* FROM "schools" WHERE "schools"."id" = $1 LIMIT $2[0m  [["id", 1], ["LIMIT", 1]]
  ↳ app/controllers/api/schools_controller.rb:3
[active_model_serializers]   [1m[36mDistrict Load (0.6ms)[0m  [1m[34mSELECT  "districts".* FROM "districts" WHERE "districts"."id" = $1 LIMIT $2[0m  [["id", 1], ["LIMIT", 1]]
[active_model_serializers]   ↳ app/controllers/api/schools_controller.rb:3
[active_model_serializers] Rendered SchoolSerializer with ActiveModelSerializers::Adapter::Attributes (84.41ms)
Completed 200 OK in 166ms (Views: 103.6ms | ActiveRecord: 18.9ms)


Started GET "/api/schools/1" for ::1 at 2019-09-02 10:51:40 -0700
Processing by API::SchoolsController#show as HTML
  Parameters: {"id"=>"1"}
  [1m[36mSchool Load (0.3ms)[0m  [1m[34mSELECT  "schools".* FROM "schools" WHERE "schools"."id" = $1 LIMIT $2[0m  [["id", 1], ["LIMIT", 1]]
  ↳ app/controllers/api/schools_controller.rb:3
[active_model_serializers]   [1m[36mDistrict Load (0.4ms)[0m  [1m[34mSELECT  "districts".* FROM "districts" WHERE "districts"."id" = $1 LIMIT $2[0m  [["id", 1], ["LIMIT", 1]]
[active_model_serializers]   ↳ app/controllers/api/schools_controller.rb:3
[active_model_serializers] Rendered SchoolSerializer with ActiveModelSerializers::Adapter::Attributes (38.73ms)
Completed 200 OK in 64ms (Views: 38.7ms | ActiveRecord: 11.1ms)


Started GET "/api/users/1" for ::1 at 2019-09-02 10:51:44 -0700
Processing by API::UsersController#show as HTML
  Parameters: {"id"=>"1"}
  [1m[36mUser Load (0.6ms)[0m  [1m[34mSELECT  "users".* FROM "users" WHERE "users"."id" = $1 LIMIT $2[0m  [["id", 1], ["LIMIT", 1]]
  ↳ app/controllers/api/users_controller.rb:3
[active_model_serializers]   [1m[36mSchool Load (0.5ms)[0m  [1m[34mSELECT "schools".* FROM "schools" WHERE "schools"."site_rep_id" = $1[0m  [["site_rep_id", 1]]
[active_model_serializers]   ↳ app/controllers/api/users_controller.rb:3
[active_model_serializers] Rendered UserSerializer with ActiveModelSerializers::Adapter::Attributes (9.27ms)
Completed 200 OK in 48ms (Views: 26.5ms | ActiveRecord: 5.3ms)


Started GET "/api/users/1" for ::1 at 2019-09-02 10:55:15 -0700
  [1m[35m (1.5ms)[0m  [1m[34mSELECT "schema_migrations"."version" FROM "schema_migrations" ORDER BY "schema_migrations"."version" ASC[0m
  ↳ /home/chris/.rvm/gems/ruby-2.6.3/gems/activerecord-5.2.3/lib/active_record/log_subscriber.rb:98
Processing by API::UsersController#show as HTML
  Parameters: {"id"=>"1"}
  [1m[36mUser Load (0.5ms)[0m  [1m[34mSELECT  "users".* FROM "users" WHERE "users"."id" = $1 LIMIT $2[0m  [["id", 1], ["LIMIT", 1]]
  ↳ app/controllers/api/users_controller.rb:3
Completed 200 OK in 135ms (Views: 1.2ms | ActiveRecord: 12.9ms)


Started GET "/api/scools/1" for ::1 at 2019-09-02 10:55:23 -0700
  
ActionController::RoutingError (No route matches [GET] "/api/scools/1"):
  
actionpack (5.2.3) lib/action_dispatch/middleware/debug_exceptions.rb:65:in `call'
actionpack (5.2.3) lib/action_dispatch/middleware/show_exceptions.rb:33:in `call'
railties (5.2.3) lib/rails/rack/logger.rb:38:in `call_app'
railties (5.2.3) lib/rails/rack/logger.rb:26:in `block in call'
activesupport (5.2.3) lib/active_support/tagged_logging.rb:71:in `block in tagged'
activesupport (5.2.3) lib/active_support/tagged_logging.rb:28:in `tagged'
activesupport (5.2.3) lib/active_support/tagged_logging.rb:71:in `tagged'
railties (5.2.3) lib/rails/rack/logger.rb:26:in `call'
actionpack (5.2.3) lib/action_dispatch/middleware/remote_ip.rb:81:in `call'
actionpack (5.2.3) lib/action_dispatch/middleware/request_id.rb:27:in `call'
rack (2.0.7) lib/rack/runtime.rb:22:in `call'
activesupport (5.2.3) lib/active_support/cache/strategy/local_cache_middleware.rb:29:in `call'
actionpack (5.2.3) lib/action_dispatch/middleware/executor.rb:14:in `call'
actionpack (5.2.3) lib/action_dispatch/middleware/static.rb:127:in `call'
rack (2.0.7) lib/rack/sendfile.rb:111:in `call'
railties (5.2.3) lib/rails/engine.rb:524:in `call'
puma (3.12.1) lib/puma/configuration.rb:227:in `call'
puma (3.12.1) lib/puma/server.rb:660:in `handle_request'
puma (3.12.1) lib/puma/server.rb:474:in `process_client'
puma (3.12.1) lib/puma/server.rb:334:in `block in run'
puma (3.12.1) lib/puma/thread_pool.rb:135:in `block in spawn_thread'
Started GET "/api/schools/1" for ::1 at 2019-09-02 10:55:28 -0700
Processing by API::SchoolsController#show as HTML
  Parameters: {"id"=>"1"}
  [1m[36mSchool Load (0.6ms)[0m  [1m[34mSELECT  "schools".* FROM "schools" WHERE "schools"."id" = $1 LIMIT $2[0m  [["id", 1], ["LIMIT", 1]]
  ↳ app/controllers/api/schools_controller.rb:3
Completed 200 OK in 69ms (Views: 0.4ms | ActiveRecord: 8.0ms)


  [1m[36mSchool Load (0.5ms)[0m  [1m[34mSELECT  "schools".* FROM "schools" ORDER BY "schools"."id" DESC LIMIT $1[0m  [["LIMIT", 1]]
  [1m[36mSchool Load (0.5ms)[0m  [1m[34mSELECT  "schools".* FROM "schools" ORDER BY "schools"."id" DESC LIMIT $1[0m  [["LIMIT", 1]]
  [1m[36mUser Load (0.4ms)[0m  [1m[34mSELECT  "users".* FROM "users" ORDER BY "users"."id" DESC LIMIT $1[0m  [["LIMIT", 1]]
  [1m[35m (0.2ms)[0m  [1m[35mBEGIN[0m
  [1m[36mDistrict Load (1.0ms)[0m  [1m[34mSELECT  "districts".* FROM "districts" WHERE "districts"."id" = $1 LIMIT $2[0m  [["id", 1], ["LIMIT", 1]]
  [1m[36mSchool Update (3.9ms)[0m  [1m[33mUPDATE "schools" SET "site_rep_id" = $1, "updated_at" = $2 WHERE "schools"."id" = $3[0m  [["site_rep_id", 1], ["updated_at", "2019-09-02 17:56:42.115403"], ["id", 1]]
  [1m[35m (14.9ms)[0m  [1m[35mCOMMIT[0m
Started GET "/api/schools/1" for ::1 at 2019-09-02 10:56:46 -0700
Processing by API::SchoolsController#show as HTML
  Parameters: {"id"=>"1"}
  [1m[36mSchool Load (0.6ms)[0m  [1m[34mSELECT  "schools".* FROM "schools" WHERE "schools"."id" = $1 LIMIT $2[0m  [["id", 1], ["LIMIT", 1]]
  ↳ app/controllers/api/schools_controller.rb:3
Completed 200 OK in 4ms (Views: 0.5ms | ActiveRecord: 0.6ms)


Started GET "/api/users/1" for ::1 at 2019-09-02 10:56:52 -0700
Processing by API::UsersController#show as HTML
  Parameters: {"id"=>"1"}
  [1m[36mUser Load (0.4ms)[0m  [1m[34mSELECT  "users".* FROM "users" WHERE "users"."id" = $1 LIMIT $2[0m  [["id", 1], ["LIMIT", 1]]
  ↳ app/controllers/api/users_controller.rb:3
Completed 200 OK in 4ms (Views: 0.5ms | ActiveRecord: 0.4ms)


Started GET "/api/users/1" for ::1 at 2019-09-02 10:57:12 -0700
Processing by API::UsersController#show as HTML
  Parameters: {"id"=>"1"}
  [1m[36mUser Load (0.3ms)[0m  [1m[34mSELECT  "users".* FROM "users" WHERE "users"."id" = $1 LIMIT $2[0m  [["id", 1], ["LIMIT", 1]]
  ↳ app/controllers/api/users_controller.rb:3
Completed 200 OK in 3ms (Views: 0.3ms | ActiveRecord: 0.3ms)


Started GET "/api/users/1" for ::1 at 2019-09-02 10:57:22 -0700
  [1m[35m (0.7ms)[0m  [1m[34mSELECT "schema_migrations"."version" FROM "schema_migrations" ORDER BY "schema_migrations"."version" ASC[0m
  ↳ /home/chris/.rvm/gems/ruby-2.6.3/gems/activerecord-5.2.3/lib/active_record/log_subscriber.rb:98
Processing by API::UsersController#show as HTML
  Parameters: {"id"=>"1"}
  [1m[36mUser Load (0.6ms)[0m  [1m[34mSELECT  "users".* FROM "users" WHERE "users"."id" = $1 LIMIT $2[0m  [["id", 1], ["LIMIT", 1]]
  ↳ app/controllers/api/users_controller.rb:3
[active_model_serializers]   [1m[36mSchool Load (0.9ms)[0m  [1m[34mSELECT "schools".* FROM "schools" WHERE "schools"."site_rep_id" = $1[0m  [["site_rep_id", 1]]
[active_model_serializers]   ↳ app/controllers/api/users_controller.rb:3
[active_model_serializers] Rendered UserSerializer with ActiveModelSerializers::Adapter::Attributes (63.04ms)
Completed 200 OK in 180ms (Views: 121.9ms | ActiveRecord: 19.0ms)


Started GET "/api/schools/1" for ::1 at 2019-09-02 10:57:29 -0700
Processing by API::SchoolsController#show as HTML
  Parameters: {"id"=>"1"}
  [1m[36mSchool Load (0.3ms)[0m  [1m[34mSELECT  "schools".* FROM "schools" WHERE "schools"."id" = $1 LIMIT $2[0m  [["id", 1], ["LIMIT", 1]]
  ↳ app/controllers/api/schools_controller.rb:3
[active_model_serializers]   [1m[36mDistrict Load (0.6ms)[0m  [1m[34mSELECT  "districts".* FROM "districts" WHERE "districts"."id" = $1 LIMIT $2[0m  [["id", 1], ["LIMIT", 1]]
[active_model_serializers]   ↳ app/controllers/api/schools_controller.rb:3
[active_model_serializers]   [1m[36mUser Load (0.3ms)[0m  [1m[34mSELECT  "users".* FROM "users" WHERE "users"."id" = $1 LIMIT $2[0m  [["id", 1], ["LIMIT", 1]]
[active_model_serializers]   ↳ app/controllers/api/schools_controller.rb:3
[active_model_serializers] Rendered SchoolSerializer with ActiveModelSerializers::Adapter::Attributes (59.86ms)
Completed 200 OK in 154ms (Views: 55.2ms | ActiveRecord: 7.6ms)


Started GET "/api/schools/1" for ::1 at 2019-09-02 11:16:26 -0700
  [1m[35m (0.8ms)[0m  [1m[34mSELECT "schema_migrations"."version" FROM "schema_migrations" ORDER BY "schema_migrations"."version" ASC[0m
  ↳ /home/chris/.rvm/gems/ruby-2.6.3/gems/activerecord-5.2.3/lib/active_record/log_subscriber.rb:98
Processing by API::SchoolsController#show as HTML
  Parameters: {"id"=>"1"}
  [1m[36mSchool Load (10.4ms)[0m  [1m[34mSELECT  "schools".* FROM "schools" WHERE "schools"."id" = $1 LIMIT $2[0m  [["id", 1], ["LIMIT", 1]]
  ↳ app/controllers/api/schools_controller.rb:3
[active_model_serializers]   [1m[36mDistrict Load (0.8ms)[0m  [1m[34mSELECT  "districts".* FROM "districts" WHERE "districts"."id" = $1 LIMIT $2[0m  [["id", 1], ["LIMIT", 1]]
[active_model_serializers]   ↳ app/controllers/api/schools_controller.rb:3
[active_model_serializers]   [1m[36mUser Load (0.7ms)[0m  [1m[34mSELECT  "users".* FROM "users" WHERE "users"."id" = $1 LIMIT $2[0m  [["id", 1], ["LIMIT", 1]]
[active_model_serializers]   ↳ app/controllers/api/schools_controller.rb:3
[active_model_serializers] Rendered SchoolSerializer with ActiveModelSerializers::Adapter::Attributes (90.3ms)
Completed 200 OK in 299ms (Views: 133.5ms | ActiveRecord: 35.6ms)


Started GET "/" for ::1 at 2019-09-02 12:36:50 -0700
  
PG::ConnectionBad (could not connect to server: No such file or directory
	Is the server running locally and accepting
	connections on Unix domain socket "/var/run/postgresql/.s.PGSQL.5432"?
):
  
pg (1.1.4) lib/pg.rb:56:in `initialize'
pg (1.1.4) lib/pg.rb:56:in `new'
pg (1.1.4) lib/pg.rb:56:in `connect'
activerecord (5.2.3) lib/active_record/connection_adapters/postgresql_adapter.rb:692:in `connect'
activerecord (5.2.3) lib/active_record/connection_adapters/postgresql_adapter.rb:223:in `initialize'
activerecord (5.2.3) lib/active_record/connection_adapters/postgresql_adapter.rb:48:in `new'
activerecord (5.2.3) lib/active_record/connection_adapters/postgresql_adapter.rb:48:in `postgresql_connection'
activerecord (5.2.3) lib/active_record/connection_adapters/abstract/connection_pool.rb:811:in `new_connection'
activerecord (5.2.3) lib/active_record/connection_adapters/abstract/connection_pool.rb:855:in `checkout_new_connection'
activerecord (5.2.3) lib/active_record/connection_adapters/abstract/connection_pool.rb:834:in `try_to_checkout_new_connection'
activerecord (5.2.3) lib/active_record/connection_adapters/abstract/connection_pool.rb:795:in `acquire_connection'
activerecord (5.2.3) lib/active_record/connection_adapters/abstract/connection_pool.rb:523:in `checkout'
activerecord (5.2.3) lib/active_record/connection_adapters/abstract/connection_pool.rb:382:in `connection'
activerecord (5.2.3) lib/active_record/connection_adapters/abstract/connection_pool.rb:1014:in `retrieve_connection'
activerecord (5.2.3) lib/active_record/connection_handling.rb:118:in `retrieve_connection'
activerecord (5.2.3) lib/active_record/connection_handling.rb:90:in `connection'
activerecord (5.2.3) lib/active_record/migration.rb:554:in `call'
actionpack (5.2.3) lib/action_dispatch/middleware/callbacks.rb:28:in `block in call'
activesupport (5.2.3) lib/active_support/callbacks.rb:98:in `run_callbacks'
actionpack (5.2.3) lib/action_dispatch/middleware/callbacks.rb:26:in `call'
actionpack (5.2.3) lib/action_dispatch/middleware/executor.rb:14:in `call'
actionpack (5.2.3) lib/action_dispatch/middleware/debug_exceptions.rb:61:in `call'
actionpack (5.2.3) lib/action_dispatch/middleware/show_exceptions.rb:33:in `call'
railties (5.2.3) lib/rails/rack/logger.rb:38:in `call_app'
railties (5.2.3) lib/rails/rack/logger.rb:26:in `block in call'
activesupport (5.2.3) lib/active_support/tagged_logging.rb:71:in `block in tagged'
activesupport (5.2.3) lib/active_support/tagged_logging.rb:28:in `tagged'
activesupport (5.2.3) lib/active_support/tagged_logging.rb:71:in `tagged'
railties (5.2.3) lib/rails/rack/logger.rb:26:in `call'
actionpack (5.2.3) lib/action_dispatch/middleware/remote_ip.rb:81:in `call'
actionpack (5.2.3) lib/action_dispatch/middleware/request_id.rb:27:in `call'
rack (2.0.7) lib/rack/runtime.rb:22:in `call'
activesupport (5.2.3) lib/active_support/cache/strategy/local_cache_middleware.rb:29:in `call'
actionpack (5.2.3) lib/action_dispatch/middleware/executor.rb:14:in `call'
actionpack (5.2.3) lib/action_dispatch/middleware/static.rb:127:in `call'
rack (2.0.7) lib/rack/sendfile.rb:111:in `call'
railties (5.2.3) lib/rails/engine.rb:524:in `call'
puma (3.12.1) lib/puma/configuration.rb:227:in `call'
puma (3.12.1) lib/puma/server.rb:660:in `handle_request'
puma (3.12.1) lib/puma/server.rb:474:in `process_client'
puma (3.12.1) lib/puma/server.rb:334:in `block in run'
puma (3.12.1) lib/puma/thread_pool.rb:135:in `block in spawn_thread'
Started GET "/favicon.ico" for ::1 at 2019-09-02 12:36:52 -0700
  
PG::ConnectionBad (could not connect to server: No such file or directory
	Is the server running locally and accepting
	connections on Unix domain socket "/var/run/postgresql/.s.PGSQL.5432"?
):
  
pg (1.1.4) lib/pg.rb:56:in `initialize'
pg (1.1.4) lib/pg.rb:56:in `new'
pg (1.1.4) lib/pg.rb:56:in `connect'
activerecord (5.2.3) lib/active_record/connection_adapters/postgresql_adapter.rb:692:in `connect'
activerecord (5.2.3) lib/active_record/connection_adapters/postgresql_adapter.rb:223:in `initialize'
activerecord (5.2.3) lib/active_record/connection_adapters/postgresql_adapter.rb:48:in `new'
activerecord (5.2.3) lib/active_record/connection_adapters/postgresql_adapter.rb:48:in `postgresql_connection'
activerecord (5.2.3) lib/active_record/connection_adapters/abstract/connection_pool.rb:811:in `new_connection'
activerecord (5.2.3) lib/active_record/connection_adapters/abstract/connection_pool.rb:855:in `checkout_new_connection'
activerecord (5.2.3) lib/active_record/connection_adapters/abstract/connection_pool.rb:834:in `try_to_checkout_new_connection'
activerecord (5.2.3) lib/active_record/connection_adapters/abstract/connection_pool.rb:795:in `acquire_connection'
activerecord (5.2.3) lib/active_record/connection_adapters/abstract/connection_pool.rb:523:in `checkout'
activerecord (5.2.3) lib/active_record/connection_adapters/abstract/connection_pool.rb:382:in `connection'
activerecord (5.2.3) lib/active_record/connection_adapters/abstract/connection_pool.rb:1014:in `retrieve_connection'
activerecord (5.2.3) lib/active_record/connection_handling.rb:118:in `retrieve_connection'
activerecord (5.2.3) lib/active_record/connection_handling.rb:90:in `connection'
activerecord (5.2.3) lib/active_record/migration.rb:554:in `call'
actionpack (5.2.3) lib/action_dispatch/middleware/callbacks.rb:28:in `block in call'
activesupport (5.2.3) lib/active_support/callbacks.rb:98:in `run_callbacks'
actionpack (5.2.3) lib/action_dispatch/middleware/callbacks.rb:26:in `call'
actionpack (5.2.3) lib/action_dispatch/middleware/executor.rb:14:in `call'
actionpack (5.2.3) lib/action_dispatch/middleware/debug_exceptions.rb:61:in `call'
actionpack (5.2.3) lib/action_dispatch/middleware/show_exceptions.rb:33:in `call'
railties (5.2.3) lib/rails/rack/logger.rb:38:in `call_app'
railties (5.2.3) lib/rails/rack/logger.rb:26:in `block in call'
activesupport (5.2.3) lib/active_support/tagged_logging.rb:71:in `block in tagged'
activesupport (5.2.3) lib/active_support/tagged_logging.rb:28:in `tagged'
activesupport (5.2.3) lib/active_support/tagged_logging.rb:71:in `tagged'
railties (5.2.3) lib/rails/rack/logger.rb:26:in `call'
actionpack (5.2.3) lib/action_dispatch/middleware/remote_ip.rb:81:in `call'
actionpack (5.2.3) lib/action_dispatch/middleware/request_id.rb:27:in `call'
rack (2.0.7) lib/rack/runtime.rb:22:in `call'
activesupport (5.2.3) lib/active_support/cache/strategy/local_cache_middleware.rb:29:in `call'
actionpack (5.2.3) lib/action_dispatch/middleware/executor.rb:14:in `call'
actionpack (5.2.3) lib/action_dispatch/middleware/static.rb:127:in `call'
rack (2.0.7) lib/rack/sendfile.rb:111:in `call'
railties (5.2.3) lib/rails/engine.rb:524:in `call'
puma (3.12.1) lib/puma/configuration.rb:227:in `call'
puma (3.12.1) lib/puma/server.rb:660:in `handle_request'
puma (3.12.1) lib/puma/server.rb:474:in `process_client'
puma (3.12.1) lib/puma/server.rb:334:in `block in run'
puma (3.12.1) lib/puma/thread_pool.rb:135:in `block in spawn_thread'
Started GET "/api/schools/1" for ::1 at 2019-09-02 12:38:28 -0700
  
PG::ConnectionBad (could not connect to server: No such file or directory
	Is the server running locally and accepting
	connections on Unix domain socket "/var/run/postgresql/.s.PGSQL.5432"?
):
  
pg (1.1.4) lib/pg.rb:56:in `initialize'
pg (1.1.4) lib/pg.rb:56:in `new'
pg (1.1.4) lib/pg.rb:56:in `connect'
activerecord (5.2.3) lib/active_record/connection_adapters/postgresql_adapter.rb:692:in `connect'
activerecord (5.2.3) lib/active_record/connection_adapters/postgresql_adapter.rb:223:in `initialize'
activerecord (5.2.3) lib/active_record/connection_adapters/postgresql_adapter.rb:48:in `new'
activerecord (5.2.3) lib/active_record/connection_adapters/postgresql_adapter.rb:48:in `postgresql_connection'
activerecord (5.2.3) lib/active_record/connection_adapters/abstract/connection_pool.rb:811:in `new_connection'
activerecord (5.2.3) lib/active_record/connection_adapters/abstract/connection_pool.rb:855:in `checkout_new_connection'
activerecord (5.2.3) lib/active_record/connection_adapters/abstract/connection_pool.rb:834:in `try_to_checkout_new_connection'
activerecord (5.2.3) lib/active_record/connection_adapters/abstract/connection_pool.rb:795:in `acquire_connection'
activerecord (5.2.3) lib/active_record/connection_adapters/abstract/connection_pool.rb:523:in `checkout'
activerecord (5.2.3) lib/active_record/connection_adapters/abstract/connection_pool.rb:382:in `connection'
activerecord (5.2.3) lib/active_record/connection_adapters/abstract/connection_pool.rb:1014:in `retrieve_connection'
activerecord (5.2.3) lib/active_record/connection_handling.rb:118:in `retrieve_connection'
activerecord (5.2.3) lib/active_record/connection_handling.rb:90:in `connection'
activerecord (5.2.3) lib/active_record/migration.rb:554:in `call'
actionpack (5.2.3) lib/action_dispatch/middleware/callbacks.rb:28:in `block in call'
activesupport (5.2.3) lib/active_support/callbacks.rb:98:in `run_callbacks'
actionpack (5.2.3) lib/action_dispatch/middleware/callbacks.rb:26:in `call'
actionpack (5.2.3) lib/action_dispatch/middleware/executor.rb:14:in `call'
actionpack (5.2.3) lib/action_dispatch/middleware/debug_exceptions.rb:61:in `call'
actionpack (5.2.3) lib/action_dispatch/middleware/show_exceptions.rb:33:in `call'
railties (5.2.3) lib/rails/rack/logger.rb:38:in `call_app'
railties (5.2.3) lib/rails/rack/logger.rb:26:in `block in call'
activesupport (5.2.3) lib/active_support/tagged_logging.rb:71:in `block in tagged'
activesupport (5.2.3) lib/active_support/tagged_logging.rb:28:in `tagged'
activesupport (5.2.3) lib/active_support/tagged_logging.rb:71:in `tagged'
railties (5.2.3) lib/rails/rack/logger.rb:26:in `call'
actionpack (5.2.3) lib/action_dispatch/middleware/remote_ip.rb:81:in `call'
actionpack (5.2.3) lib/action_dispatch/middleware/request_id.rb:27:in `call'
rack (2.0.7) lib/rack/runtime.rb:22:in `call'
activesupport (5.2.3) lib/active_support/cache/strategy/local_cache_middleware.rb:29:in `call'
actionpack (5.2.3) lib/action_dispatch/middleware/executor.rb:14:in `call'
actionpack (5.2.3) lib/action_dispatch/middleware/static.rb:127:in `call'
rack (2.0.7) lib/rack/sendfile.rb:111:in `call'
railties (5.2.3) lib/rails/engine.rb:524:in `call'
puma (3.12.1) lib/puma/configuration.rb:227:in `call'
puma (3.12.1) lib/puma/server.rb:660:in `handle_request'
puma (3.12.1) lib/puma/server.rb:474:in `process_client'
puma (3.12.1) lib/puma/server.rb:334:in `block in run'
puma (3.12.1) lib/puma/thread_pool.rb:135:in `block in spawn_thread'
Started GET "/favicon.ico" for ::1 at 2019-09-02 12:38:28 -0700
  
PG::ConnectionBad (could not connect to server: No such file or directory
	Is the server running locally and accepting
	connections on Unix domain socket "/var/run/postgresql/.s.PGSQL.5432"?
):
  
pg (1.1.4) lib/pg.rb:56:in `initialize'
pg (1.1.4) lib/pg.rb:56:in `new'
pg (1.1.4) lib/pg.rb:56:in `connect'
activerecord (5.2.3) lib/active_record/connection_adapters/postgresql_adapter.rb:692:in `connect'
activerecord (5.2.3) lib/active_record/connection_adapters/postgresql_adapter.rb:223:in `initialize'
activerecord (5.2.3) lib/active_record/connection_adapters/postgresql_adapter.rb:48:in `new'
activerecord (5.2.3) lib/active_record/connection_adapters/postgresql_adapter.rb:48:in `postgresql_connection'
activerecord (5.2.3) lib/active_record/connection_adapters/abstract/connection_pool.rb:811:in `new_connection'
activerecord (5.2.3) lib/active_record/connection_adapters/abstract/connection_pool.rb:855:in `checkout_new_connection'
activerecord (5.2.3) lib/active_record/connection_adapters/abstract/connection_pool.rb:834:in `try_to_checkout_new_connection'
activerecord (5.2.3) lib/active_record/connection_adapters/abstract/connection_pool.rb:795:in `acquire_connection'
activerecord (5.2.3) lib/active_record/connection_adapters/abstract/connection_pool.rb:523:in `checkout'
activerecord (5.2.3) lib/active_record/connection_adapters/abstract/connection_pool.rb:382:in `connection'
activerecord (5.2.3) lib/active_record/connection_adapters/abstract/connection_pool.rb:1014:in `retrieve_connection'
activerecord (5.2.3) lib/active_record/connection_handling.rb:118:in `retrieve_connection'
activerecord (5.2.3) lib/active_record/connection_handling.rb:90:in `connection'
activerecord (5.2.3) lib/active_record/migration.rb:554:in `call'
actionpack (5.2.3) lib/action_dispatch/middleware/callbacks.rb:28:in `block in call'
activesupport (5.2.3) lib/active_support/callbacks.rb:98:in `run_callbacks'
actionpack (5.2.3) lib/action_dispatch/middleware/callbacks.rb:26:in `call'
actionpack (5.2.3) lib/action_dispatch/middleware/executor.rb:14:in `call'
actionpack (5.2.3) lib/action_dispatch/middleware/debug_exceptions.rb:61:in `call'
actionpack (5.2.3) lib/action_dispatch/middleware/show_exceptions.rb:33:in `call'
railties (5.2.3) lib/rails/rack/logger.rb:38:in `call_app'
railties (5.2.3) lib/rails/rack/logger.rb:26:in `block in call'
activesupport (5.2.3) lib/active_support/tagged_logging.rb:71:in `block in tagged'
activesupport (5.2.3) lib/active_support/tagged_logging.rb:28:in `tagged'
activesupport (5.2.3) lib/active_support/tagged_logging.rb:71:in `tagged'
railties (5.2.3) lib/rails/rack/logger.rb:26:in `call'
actionpack (5.2.3) lib/action_dispatch/middleware/remote_ip.rb:81:in `call'
actionpack (5.2.3) lib/action_dispatch/middleware/request_id.rb:27:in `call'
rack (2.0.7) lib/rack/runtime.rb:22:in `call'
activesupport (5.2.3) lib/active_support/cache/strategy/local_cache_middleware.rb:29:in `call'
actionpack (5.2.3) lib/action_dispatch/middleware/executor.rb:14:in `call'
actionpack (5.2.3) lib/action_dispatch/middleware/static.rb:127:in `call'
rack (2.0.7) lib/rack/sendfile.rb:111:in `call'
railties (5.2.3) lib/rails/engine.rb:524:in `call'
puma (3.12.1) lib/puma/configuration.rb:227:in `call'
puma (3.12.1) lib/puma/server.rb:660:in `handle_request'
puma (3.12.1) lib/puma/server.rb:474:in `process_client'
puma (3.12.1) lib/puma/server.rb:334:in `block in run'
puma (3.12.1) lib/puma/thread_pool.rb:135:in `block in spawn_thread'
Started GET "/api/schools/1" for ::1 at 2019-09-02 12:39:22 -0700
  [1m[35m (0.7ms)[0m  [1m[34mSELECT "schema_migrations"."version" FROM "schema_migrations" ORDER BY "schema_migrations"."version" ASC[0m
  ↳ /home/chris/.rvm/gems/ruby-2.6.3/gems/activerecord-5.2.3/lib/active_record/log_subscriber.rb:98
  
ActiveRecord::PendingMigrationError (

Migrations are pending. To resolve this issue, run:

        bin/rails db:migrate RAILS_ENV=development

):
  
activerecord (5.2.3) lib/active_record/migration.rb:579:in `check_pending!'
activerecord (5.2.3) lib/active_record/migration.rb:556:in `call'
actionpack (5.2.3) lib/action_dispatch/middleware/callbacks.rb:28:in `block in call'
activesupport (5.2.3) lib/active_support/callbacks.rb:98:in `run_callbacks'
actionpack (5.2.3) lib/action_dispatch/middleware/callbacks.rb:26:in `call'
actionpack (5.2.3) lib/action_dispatch/middleware/executor.rb:14:in `call'
actionpack (5.2.3) lib/action_dispatch/middleware/debug_exceptions.rb:61:in `call'
actionpack (5.2.3) lib/action_dispatch/middleware/show_exceptions.rb:33:in `call'
railties (5.2.3) lib/rails/rack/logger.rb:38:in `call_app'
railties (5.2.3) lib/rails/rack/logger.rb:26:in `block in call'
activesupport (5.2.3) lib/active_support/tagged_logging.rb:71:in `block in tagged'
activesupport (5.2.3) lib/active_support/tagged_logging.rb:28:in `tagged'
activesupport (5.2.3) lib/active_support/tagged_logging.rb:71:in `tagged'
railties (5.2.3) lib/rails/rack/logger.rb:26:in `call'
actionpack (5.2.3) lib/action_dispatch/middleware/remote_ip.rb:81:in `call'
actionpack (5.2.3) lib/action_dispatch/middleware/request_id.rb:27:in `call'
rack (2.0.7) lib/rack/runtime.rb:22:in `call'
activesupport (5.2.3) lib/active_support/cache/strategy/local_cache_middleware.rb:29:in `call'
actionpack (5.2.3) lib/action_dispatch/middleware/executor.rb:14:in `call'
actionpack (5.2.3) lib/action_dispatch/middleware/static.rb:127:in `call'
rack (2.0.7) lib/rack/sendfile.rb:111:in `call'
railties (5.2.3) lib/rails/engine.rb:524:in `call'
puma (3.12.1) lib/puma/configuration.rb:227:in `call'
puma (3.12.1) lib/puma/server.rb:660:in `handle_request'
puma (3.12.1) lib/puma/server.rb:474:in `process_client'
puma (3.12.1) lib/puma/server.rb:334:in `block in run'
puma (3.12.1) lib/puma/thread_pool.rb:135:in `block in spawn_thread'
Started GET "/favicon.ico" for ::1 at 2019-09-02 12:39:23 -0700
  [1m[35m (0.2ms)[0m  [1m[34mSELECT "schema_migrations"."version" FROM "schema_migrations" ORDER BY "schema_migrations"."version" ASC[0m
  ↳ /home/chris/.rvm/gems/ruby-2.6.3/gems/activerecord-5.2.3/lib/active_record/log_subscriber.rb:98
  
ActiveRecord::PendingMigrationError (

Migrations are pending. To resolve this issue, run:

        bin/rails db:migrate RAILS_ENV=development

):
  
activerecord (5.2.3) lib/active_record/migration.rb:579:in `check_pending!'
activerecord (5.2.3) lib/active_record/migration.rb:556:in `call'
actionpack (5.2.3) lib/action_dispatch/middleware/callbacks.rb:28:in `block in call'
activesupport (5.2.3) lib/active_support/callbacks.rb:98:in `run_callbacks'
actionpack (5.2.3) lib/action_dispatch/middleware/callbacks.rb:26:in `call'
actionpack (5.2.3) lib/action_dispatch/middleware/executor.rb:14:in `call'
actionpack (5.2.3) lib/action_dispatch/middleware/debug_exceptions.rb:61:in `call'
actionpack (5.2.3) lib/action_dispatch/middleware/show_exceptions.rb:33:in `call'
railties (5.2.3) lib/rails/rack/logger.rb:38:in `call_app'
railties (5.2.3) lib/rails/rack/logger.rb:26:in `block in call'
activesupport (5.2.3) lib/active_support/tagged_logging.rb:71:in `block in tagged'
activesupport (5.2.3) lib/active_support/tagged_logging.rb:28:in `tagged'
activesupport (5.2.3) lib/active_support/tagged_logging.rb:71:in `tagged'
railties (5.2.3) lib/rails/rack/logger.rb:26:in `call'
actionpack (5.2.3) lib/action_dispatch/middleware/remote_ip.rb:81:in `call'
actionpack (5.2.3) lib/action_dispatch/middleware/request_id.rb:27:in `call'
rack (2.0.7) lib/rack/runtime.rb:22:in `call'
activesupport (5.2.3) lib/active_support/cache/strategy/local_cache_middleware.rb:29:in `call'
actionpack (5.2.3) lib/action_dispatch/middleware/executor.rb:14:in `call'
actionpack (5.2.3) lib/action_dispatch/middleware/static.rb:127:in `call'
rack (2.0.7) lib/rack/sendfile.rb:111:in `call'
railties (5.2.3) lib/rails/engine.rb:524:in `call'
puma (3.12.1) lib/puma/configuration.rb:227:in `call'
puma (3.12.1) lib/puma/server.rb:660:in `handle_request'
puma (3.12.1) lib/puma/server.rb:474:in `process_client'
puma (3.12.1) lib/puma/server.rb:334:in `block in run'
puma (3.12.1) lib/puma/thread_pool.rb:135:in `block in spawn_thread'
  [1m[35m (0.2ms)[0m  [1m[34mSELECT pg_try_advisory_lock(8496546548085237075)[0m
  ↳ /home/chris/.rvm/gems/ruby-2.6.3/bin/rake:23
  [1m[35m (0.5ms)[0m  [1m[34mSELECT "schema_migrations"."version" FROM "schema_migrations" ORDER BY "schema_migrations"."version" ASC[0m
  ↳ /home/chris/.rvm/gems/ruby-2.6.3/bin/rake:23
Migrating to CreateEvents (20190902182022)
  [1m[35m (0.2ms)[0m  [1m[35mBEGIN[0m
  ↳ /home/chris/.rvm/gems/ruby-2.6.3/bin/rake:23
  [1m[35m (16.3ms)[0m  [1m[35mCREATE TABLE "events" ("id" bigserial primary key, "name" text, "organizer_id" integer, "description" text, "eventable_type" character varying, "eventable_id" bigint, "created_at" timestamp NOT NULL, "updated_at" timestamp NOT NULL)[0m
  ↳ db/migrate/20190902182022_create_events.rb:3
  [1m[35m (3.8ms)[0m  [1m[35mCREATE  INDEX  "index_events_on_eventable_type_and_eventable_id" ON "events"  ("eventable_type", "eventable_id")[0m
  ↳ db/migrate/20190902182022_create_events.rb:3
  [1m[36mActiveRecord::SchemaMigration Create (0.5ms)[0m  [1m[32mINSERT INTO "schema_migrations" ("version") VALUES ($1) RETURNING "version"[0m  [["version", "20190902182022"]]
  ↳ /home/chris/.rvm/gems/ruby-2.6.3/bin/rake:23
  [1m[35m (6.8ms)[0m  [1m[35mCOMMIT[0m
  ↳ /home/chris/.rvm/gems/ruby-2.6.3/bin/rake:23
  [1m[36mActiveRecord::InternalMetadata Load (0.6ms)[0m  [1m[34mSELECT  "ar_internal_metadata".* FROM "ar_internal_metadata" WHERE "ar_internal_metadata"."key" = $1 LIMIT $2[0m  [["key", "environment"], ["LIMIT", 1]]
  ↳ /home/chris/.rvm/gems/ruby-2.6.3/bin/rake:23
  [1m[35m (0.2ms)[0m  [1m[35mBEGIN[0m
  ↳ /home/chris/.rvm/gems/ruby-2.6.3/bin/rake:23
  [1m[35m (0.2ms)[0m  [1m[35mCOMMIT[0m
  ↳ /home/chris/.rvm/gems/ruby-2.6.3/bin/rake:23
  [1m[35m (0.3ms)[0m  [1m[34mSELECT pg_advisory_unlock(8496546548085237075)[0m
  ↳ /home/chris/.rvm/gems/ruby-2.6.3/bin/rake:23
  [1m[35m (0.5ms)[0m  [1m[34mSELECT "schema_migrations"."version" FROM "schema_migrations" ORDER BY "schema_migrations"."version" ASC[0m
  ↳ /home/chris/.rvm/gems/ruby-2.6.3/bin/rake:23
Started GET "/api/schools/1" for ::1 at 2019-09-02 12:39:42 -0700
  [1m[35m (0.2ms)[0m  [1m[34mSELECT "schema_migrations"."version" FROM "schema_migrations" ORDER BY "schema_migrations"."version" ASC[0m
  ↳ /home/chris/.rvm/gems/ruby-2.6.3/gems/activerecord-5.2.3/lib/active_record/log_subscriber.rb:98
Processing by API::SchoolsController#show as HTML
  Parameters: {"id"=>"1"}
  [1m[36mSchool Load (0.5ms)[0m  [1m[34mSELECT  "schools".* FROM "schools" WHERE "schools"."id" = $1 LIMIT $2[0m  [["id", 1], ["LIMIT", 1]]
  ↳ app/controllers/api/schools_controller.rb:3
[active_model_serializers]   [1m[36mDistrict Load (0.5ms)[0m  [1m[34mSELECT  "districts".* FROM "districts" WHERE "districts"."id" = $1 LIMIT $2[0m  [["id", 1], ["LIMIT", 1]]
[active_model_serializers]   ↳ app/controllers/api/schools_controller.rb:3
[active_model_serializers]   [1m[36mUser Load (0.5ms)[0m  [1m[34mSELECT  "users".* FROM "users" WHERE "users"."id" = $1 LIMIT $2[0m  [["id", 1], ["LIMIT", 1]]
[active_model_serializers]   ↳ app/controllers/api/schools_controller.rb:3
[active_model_serializers] Rendered SchoolSerializer with ActiveModelSerializers::Adapter::Attributes (129.01ms)
Completed 200 OK in 336ms (Views: 255.3ms | ActiveRecord: 11.0ms)


Started GET "/favicon.ico" for ::1 at 2019-09-02 12:39:42 -0700
  
ActionController::RoutingError (No route matches [GET] "/favicon.ico"):
  
actionpack (5.2.3) lib/action_dispatch/middleware/debug_exceptions.rb:65:in `call'
actionpack (5.2.3) lib/action_dispatch/middleware/show_exceptions.rb:33:in `call'
railties (5.2.3) lib/rails/rack/logger.rb:38:in `call_app'
railties (5.2.3) lib/rails/rack/logger.rb:26:in `block in call'
activesupport (5.2.3) lib/active_support/tagged_logging.rb:71:in `block in tagged'
activesupport (5.2.3) lib/active_support/tagged_logging.rb:28:in `tagged'
activesupport (5.2.3) lib/active_support/tagged_logging.rb:71:in `tagged'
railties (5.2.3) lib/rails/rack/logger.rb:26:in `call'
actionpack (5.2.3) lib/action_dispatch/middleware/remote_ip.rb:81:in `call'
actionpack (5.2.3) lib/action_dispatch/middleware/request_id.rb:27:in `call'
rack (2.0.7) lib/rack/runtime.rb:22:in `call'
activesupport (5.2.3) lib/active_support/cache/strategy/local_cache_middleware.rb:29:in `call'
actionpack (5.2.3) lib/action_dispatch/middleware/executor.rb:14:in `call'
actionpack (5.2.3) lib/action_dispatch/middleware/static.rb:127:in `call'
rack (2.0.7) lib/rack/sendfile.rb:111:in `call'
railties (5.2.3) lib/rails/engine.rb:524:in `call'
puma (3.12.1) lib/puma/configuration.rb:227:in `call'
puma (3.12.1) lib/puma/server.rb:660:in `handle_request'
puma (3.12.1) lib/puma/server.rb:474:in `process_client'
puma (3.12.1) lib/puma/server.rb:334:in `block in run'
puma (3.12.1) lib/puma/thread_pool.rb:135:in `block in spawn_thread'
Started GET "/api/schools/1" for ::1 at 2019-09-02 12:40:21 -0700
Processing by API::SchoolsController#show as HTML
  Parameters: {"id"=>"1"}
  [1m[36mSchool Load (0.2ms)[0m  [1m[34mSELECT  "schools".* FROM "schools" WHERE "schools"."id" = $1 LIMIT $2[0m  [["id", 1], ["LIMIT", 1]]
  ↳ app/controllers/api/schools_controller.rb:3
[active_model_serializers]   [1m[36mDistrict Load (0.2ms)[0m  [1m[34mSELECT  "districts".* FROM "districts" WHERE "districts"."id" = $1 LIMIT $2[0m  [["id", 1], ["LIMIT", 1]]
[active_model_serializers]   ↳ app/controllers/api/schools_controller.rb:3
[active_model_serializers]   [1m[36mUser Load (0.2ms)[0m  [1m[34mSELECT  "users".* FROM "users" WHERE "users"."id" = $1 LIMIT $2[0m  [["id", 1], ["LIMIT", 1]]
[active_model_serializers]   ↳ app/controllers/api/schools_controller.rb:3
[active_model_serializers]   [1m[36mEvent Load (13.9ms)[0m  [1m[34mSELECT "events".* FROM "events" WHERE "events"."eventable_id" = $1 AND "events"."eventable_type" = $2[0m  [["eventable_id", 1], ["eventable_type", "School"]]
[active_model_serializers]   ↳ app/controllers/api/schools_controller.rb:3
[active_model_serializers] Rendered SchoolSerializer with ActiveModelSerializers::Adapter::Attributes (112.15ms)
Completed 200 OK in 142ms (Views: 106.9ms | ActiveRecord: 24.2ms)


  [1m[35m (0.2ms)[0m  [1m[34mSELECT pg_try_advisory_lock(8496546548085237075)[0m
  ↳ /home/chris/.rvm/gems/ruby-2.6.3/bin/rake:23
  [1m[35m (0.5ms)[0m  [1m[34mSELECT "schema_migrations"."version" FROM "schema_migrations" ORDER BY "schema_migrations"."version" ASC[0m
  ↳ /home/chris/.rvm/gems/ruby-2.6.3/bin/rake:23
Migrating to AddApprovedToEvents (20190902194049)
  [1m[35m (0.2ms)[0m  [1m[35mBEGIN[0m
  ↳ /home/chris/.rvm/gems/ruby-2.6.3/bin/rake:23
  [1m[35m (0.4ms)[0m  [1m[35mALTER TABLE "events" ADD "approved" false[0m
  ↳ db/migrate/20190902194049_add_approved_to_events.rb:3
  [1m[35m (0.1ms)[0m  [1m[31mROLLBACK[0m
  ↳ /home/chris/.rvm/gems/ruby-2.6.3/bin/rake:23
  [1m[35m (0.2ms)[0m  [1m[34mSELECT pg_advisory_unlock(8496546548085237075)[0m
  ↳ /home/chris/.rvm/gems/ruby-2.6.3/bin/rake:23
  [1m[35m (0.2ms)[0m  [1m[34mSELECT pg_try_advisory_lock(8496546548085237075)[0m
  ↳ /home/chris/.rvm/gems/ruby-2.6.3/bin/rake:23
  [1m[35m (0.5ms)[0m  [1m[34mSELECT "schema_migrations"."version" FROM "schema_migrations" ORDER BY "schema_migrations"."version" ASC[0m
  ↳ /home/chris/.rvm/gems/ruby-2.6.3/bin/rake:23
Migrating to AddApprovedToEvents (20190902194049)
  [1m[35m (0.2ms)[0m  [1m[35mBEGIN[0m
  ↳ /home/chris/.rvm/gems/ruby-2.6.3/bin/rake:23
  [1m[35m (0.6ms)[0m  [1m[35mALTER TABLE "events" ADD "approved" boolean[0m
  ↳ db/migrate/20190902194049_add_approved_to_events.rb:3
  [1m[36mActiveRecord::SchemaMigration Create (0.7ms)[0m  [1m[32mINSERT INTO "schema_migrations" ("version") VALUES ($1) RETURNING "version"[0m  [["version", "20190902194049"]]
  ↳ /home/chris/.rvm/gems/ruby-2.6.3/bin/rake:23
  [1m[35m (9.4ms)[0m  [1m[35mCOMMIT[0m
  ↳ /home/chris/.rvm/gems/ruby-2.6.3/bin/rake:23
  [1m[36mActiveRecord::InternalMetadata Load (0.7ms)[0m  [1m[34mSELECT  "ar_internal_metadata".* FROM "ar_internal_metadata" WHERE "ar_internal_metadata"."key" = $1 LIMIT $2[0m  [["key", "environment"], ["LIMIT", 1]]
  ↳ /home/chris/.rvm/gems/ruby-2.6.3/bin/rake:23
  [1m[35m (0.4ms)[0m  [1m[35mBEGIN[0m
  ↳ /home/chris/.rvm/gems/ruby-2.6.3/bin/rake:23
  [1m[35m (0.1ms)[0m  [1m[35mCOMMIT[0m
  ↳ /home/chris/.rvm/gems/ruby-2.6.3/bin/rake:23
  [1m[35m (0.3ms)[0m  [1m[34mSELECT pg_advisory_unlock(8496546548085237075)[0m
  ↳ /home/chris/.rvm/gems/ruby-2.6.3/bin/rake:23
  [1m[35m (0.4ms)[0m  [1m[34mSELECT "schema_migrations"."version" FROM "schema_migrations" ORDER BY "schema_migrations"."version" ASC[0m
  ↳ /home/chris/.rvm/gems/ruby-2.6.3/bin/rake:23
